<?xml version="1.0" encoding="UTF-8"?>
<!-- Generated by org.testng.reporters.JUnitReportReporter -->
<testsuite hostname="HW1292" failures="0" tests="1" name="Day3.CookiesDemo" time="1.800" errors="0" timestamp="2024-08-02T13:28:45 IST" skipped="0">
  <testcase classname="Day3.CookiesDemo" name="getCookiesInfo" time="1.800"/>
</testsuite> <!-- Day3.CookiesDemo -->
