<?xml version="1.0" encoding="UTF-8"?>
<!-- Generated by org.testng.reporters.JUnitReportReporter -->
<testsuite hostname="HW1292" failures="0" tests="1" name="Day3.PathAndQueryParameters" time="1.668" errors="0" timestamp="2024-08-02T13:06:03 IST" skipped="0">
  <testcase classname="Day3.PathAndQueryParameters" name="testQueryandPathParameters" time="1.668"/>
</testsuite> <!-- Day3.PathAndQueryParameters -->
