<?xml version="1.0" encoding="UTF-8"?>
<!-- Generated by org.testng.reporters.JUnitReportReporter -->
<testsuite hostname="HW1292" failures="0" tests="4" name="Day1.HTTPRequests" time="3.341" errors="0" timestamp="2024-07-31T14:06:14 IST" skipped="0">
  <testcase classname="Day1.HTTPRequests" name="getUsers" time="1.888"/>
  <testcase classname="Day1.HTTPRequests" name="createUsers" time="0.667"/>
  <testcase classname="Day1.HTTPRequests" name="updateUsers" time="0.419"/>
  <testcase classname="Day1.HTTPRequests" name="deleteUsers" time="0.367"/>
</testsuite> <!-- Day1.HTTPRequests -->
