<?xml version="1.0" encoding="UTF-8"?>
<!-- Generated by org.testng.reporters.JUnitReportReporter -->
<testsuite hostname="HW1292" failures="0" tests="1" name="Day2.DiffWaystoCreatePostRequests" time="1.757" errors="0" timestamp="2024-08-02T12:45:01 IST" skipped="0">
  <testcase classname="Day2.DiffWaystoCreatePostRequests" name="testPostusingExternalfile" time="1.757"/>
</testsuite> <!-- Day2.DiffWaystoCreatePostRequests -->
