<?xml version="1.0" encoding="UTF-8"?>
<!-- Generated by org.testng.reporters.JUnitReportReporter -->
<testsuite hostname="HW1292" failures="0" tests="1" name="Day3.HeadersDemo" time="2.363" errors="0" timestamp="2024-08-02T16:26:15 IST" skipped="0">
  <testcase classname="Day3.HeadersDemo" name="getHeaders" time="2.363"/>
</testsuite> <!-- Day3.HeadersDemo -->
