<?xml version="1.0" encoding="UTF-8"?>
<!-- Generated by org.testng.reporters.JUnitReportReporter -->
<testsuite hostname="HW1292" failures="0" tests="1" name="Day3.TestLogs" time="2.543" errors="0" timestamp="2024-08-02T17:32:06 IST" skipped="0">
  <testcase classname="Day3.TestLogs" name="testLogs" time="2.543"/>
</testsuite> <!-- Day3.TestLogs -->
