<?xml version="1.0" encoding="UTF-8"?>
<!-- Generated by org.testng.reporters.JUnitReportReporter -->
<testsuite hostname="HW1292" failures="0" tests="1" name="Day3.TestLogs" time="2.389" errors="0" timestamp="2024-08-05T12:20:15 IST" skipped="0">
  <testcase classname="Day3.TestLogs" name="testLogs" time="2.389"/>
</testsuite> <!-- Day3.TestLogs -->
